<?xml version="1.0" encoding="UTF-8"?>
<!-- Generated by org.testng.reporters.JUnitReportReporter -->
<testsuite hostname="Sakthi" failures="0" tests="2" name="TestCases.Demo" time="0.013" errors="0" timestamp="2023-12-13T20:32:24 IST" skipped="0">
  <testcase classname="TestCases.Demo" name="userLogin" time="0.000"/>
  <system-out/>
  <testcase classname="TestCases.Demo" name="userLogin" time="0.013"/>
  <system-out/>
</testsuite> <!-- TestCases.Demo -->
