<?xml version="1.0" encoding="UTF-8"?>
<!-- Generated by org.testng.reporters.JUnitReportReporter -->
<testsuite hostname="Sakthi" failures="0" tests="1" name="ExcelDemo.ExcelReader" time="0.570" errors="0" timestamp="2023-12-16T20:19:22 IST" skipped="0">
  <testcase classname="ExcelDemo.ExcelReader" name="excelWrite" time="0.570"/>
  <system-out/>
</testsuite> <!-- ExcelDemo.ExcelReader -->
