<?xml version="1.0" encoding="UTF-8"?>
<!-- Generated by org.testng.reporters.JUnitReportReporter -->
<testsuite hostname="Sakthi" failures="0" tests="1" name="TestCases.Assertion" time="18.765" errors="0" timestamp="2024-01-20T18:59:10 IST" skipped="0">
  <testcase classname="TestCases.Assertion" name="verifyTest" time="18.765"/>
  <system-out/>
</testsuite> <!-- TestCases.Assertion -->
