<?xml version="1.0" encoding="UTF-8"?>
<!-- Generated by org.testng.reporters.JUnitReportReporter -->
<testsuite hostname="Sakthi" failures="0" tests="1" name="TestCases.SampleApp" time="8.139" errors="0" timestamp="2023-12-09T19:15:21 IST" skipped="0">
  <testcase classname="TestCases.SampleApp" name="verifyAutomobile" time="8.139"/>
  <system-out/>
</testsuite> <!-- TestCases.SampleApp -->
