<?xml version="1.0" encoding="UTF-8"?>
<!-- Generated by org.testng.reporters.JUnitReportReporter -->
<testsuite hostname="Sakthi" failures="0" tests="1" name="BaseFactory.BaseTest" time="0.007" errors="0" timestamp="2023-12-02T14:49:35 IST" skipped="0">
  <testcase classname="BaseFactory.BaseTest" name="app" time="0.007"/>
  <system-out/>
</testsuite> <!-- BaseFactory.BaseTest -->
