<?xml version="1.0" encoding="UTF-8"?>
<!-- Generated by org.testng.reporters.JUnitReportReporter -->
<testsuite hostname="Sakthi" failures="0" tests="4" name="ExcelDemo.dataTest" time="0.011" errors="0" timestamp="2023-12-19T20:42:10 IST" skipped="0">
  <testcase classname="ExcelDemo.dataTest" name="sample" time="0.000"/>
  <system-out/>
  <testcase classname="ExcelDemo.dataTest" name="sample" time="0.001"/>
  <system-out/>
  <testcase classname="ExcelDemo.dataTest" name="sample" time="0.001"/>
  <system-out/>
  <testcase classname="ExcelDemo.dataTest" name="sample" time="0.009"/>
  <system-out/>
</testsuite> <!-- ExcelDemo.dataTest -->
