<?xml version="1.0" encoding="UTF-8"?>
<!-- Generated by org.testng.reporters.JUnitReportReporter -->
<testsuite hostname="Sakthi" failures="0" tests="1" name="BaseFactory.SampleTest" time="0.205" errors="0" timestamp="2023-12-04T07:24:34 IST" skipped="0">
  <testcase classname="BaseFactory.SampleTest" name="report" time="0.205"/>
  <system-out/>
</testsuite> <!-- BaseFactory.SampleTest -->
