<?xml version="1.0" encoding="UTF-8"?>
<!-- Generated by org.testng.reporters.JUnitReportReporter -->
<testsuite hostname="Sakthi" failures="0" tests="1" name="TestCases.Mailreader" time="1.502" errors="1" timestamp="2023-12-12T19:28:04 IST" skipped="0">
  <testcase classname="TestCases.Mailreader" name="readEmail" time="1.502">
    <error message="The request failed. The request failed. The remote server returned an error: (503)" type="microsoft.exchange.webservices.data.core.exception.service.remote.ServiceRequestException">
      <![CDATA[microsoft.exchange.webservices.data.core.exception.service.remote.ServiceRequestException: The request failed. The request failed. The remote server returned an error: (503)
at microsoft.exchange.webservices.data.core.request.SimpleServiceRequestBase.internalExecute(SimpleServiceRequestBase.java:74)
at microsoft.exchange.webservices.data.core.request.MultiResponseServiceRequest.execute(MultiResponseServiceRequest.java:158)
at microsoft.exchange.webservices.data.core.ExchangeService.bindToFolder(ExchangeService.java:504)
at microsoft.exchange.webservices.data.core.ExchangeService.bindToFolder(ExchangeService.java:523)
at microsoft.exchange.webservices.data.core.service.folder.Folder.bind(Folder.java:98)
at microsoft.exchange.webservices.data.core.service.folder.Folder.bind(Folder.java:147)
at TestCases.Mailreader.readEmail(Mailreader.java:29)
at java.base/jdk.internal.reflect.NativeMethodAccessorImpl.invoke0(Native Method)
at java.base/jdk.internal.reflect.NativeMethodAccessorImpl.invoke(NativeMethodAccessorImpl.java:77)
at java.base/jdk.internal.reflect.DelegatingMethodAccessorImpl.invoke(DelegatingMethodAccessorImpl.java:43)
at java.base/java.lang.reflect.Method.invoke(Method.java:568)
at org.testng.internal.MethodInvocationHelper.invokeMethod(MethodInvocationHelper.java:133)
at org.testng.internal.TestInvoker.invokeMethod(TestInvoker.java:598)
at org.testng.internal.TestInvoker.invokeTestMethod(TestInvoker.java:173)
at org.testng.internal.MethodRunner.runInSequence(MethodRunner.java:46)
at org.testng.internal.TestInvoker$MethodInvocationAgent.invoke(TestInvoker.java:824)
at org.testng.internal.TestInvoker.invokeTestMethods(TestInvoker.java:146)
at org.testng.internal.TestMethodWorker.invokeTestMethods(TestMethodWorker.java:146)
at org.testng.internal.TestMethodWorker.run(TestMethodWorker.java:128)
at java.base/java.util.ArrayList.forEach(ArrayList.java:1511)
at org.testng.TestRunner.privateRun(TestRunner.java:794)
at org.testng.TestRunner.run(TestRunner.java:596)
at org.testng.SuiteRunner.runTest(SuiteRunner.java:377)
at org.testng.SuiteRunner.runSequentially(SuiteRunner.java:371)
at org.testng.SuiteRunner.privateRun(SuiteRunner.java:332)
at org.testng.SuiteRunner.run(SuiteRunner.java:276)
at org.testng.SuiteRunnerWorker.runSuite(SuiteRunnerWorker.java:53)
at org.testng.SuiteRunnerWorker.run(SuiteRunnerWorker.java:96)
at org.testng.TestNG.runSuitesSequentially(TestNG.java:1212)
at org.testng.TestNG.runSuitesLocally(TestNG.java:1134)
at org.testng.TestNG.runSuites(TestNG.java:1063)
at org.testng.TestNG.run(TestNG.java:1031)
at org.testng.remote.AbstractRemoteTestNG.run(AbstractRemoteTestNG.java:115)
at org.testng.remote.RemoteTestNG.initAndRun(RemoteTestNG.java:251)
at org.testng.remote.RemoteTestNG.main(RemoteTestNG.java:77)
Caused by: microsoft.exchange.webservices.data.core.exception.service.remote.ServiceRequestException: The request failed. The remote server returned an error: (503)
at microsoft.exchange.webservices.data.core.request.ServiceRequestBase.validateAndEmitRequest(ServiceRequestBase.java:644)
at microsoft.exchange.webservices.data.core.request.SimpleServiceRequestBase.internalExecute(SimpleServiceRequestBase.java:62)
... 34 more
Caused by: microsoft.exchange.webservices.data.core.exception.http.HttpErrorException: The remote server returned an error: (503)
at microsoft.exchange.webservices.data.core.request.ServiceRequestBase.getEwsHttpWebResponse(ServiceRequestBase.java:723)
at microsoft.exchange.webservices.data.core.request.ServiceRequestBase.validateAndEmitRequest(ServiceRequestBase.java:639)
... 35 more
]]>
    </error>
  </testcase> <!-- readEmail -->
  <system-out/>
</testsuite> <!-- TestCases.Mailreader -->
